<?xml version="1.0" encoding="UTF-8"?>
<testng-results ignored="0" total="1" passed="1" failed="0" skipped="0">
  <reporter-output>
  </reporter-output>
  <suite started-at="2024-05-01T12:54:49 ICT" name="Default Suite" finished-at="2024-05-01T12:54:56 ICT" duration-ms="7235">
    <groups>
    </groups>
    <test started-at="2024-05-01T12:54:49 ICT" name="seleniumjav" finished-at="2024-05-01T12:54:56 ICT" duration-ms="7235">
      <class name="testngpack.testng">
        <test-method signature="setup()[pri:0, instance:testngpack.testng@358c99f5]" started-at="2024-05-01T12:54:49 ICT" name="setup" finished-at="2024-05-01T12:54:55 ICT" duration-ms="5844" status="PASS">
          <reporter-output>
          </reporter-output>
        </test-method> <!-- setup -->
        <test-method is-config="true" signature="quit()[pri:0, instance:testngpack.testng@358c99f5]" started-at="2024-05-01T12:54:55 ICT" name="quit" finished-at="2024-05-01T12:54:56 ICT" duration-ms="1331" status="PASS">
          <reporter-output>
          </reporter-output>
        </test-method> <!-- quit -->
      </class> <!-- testngpack.testng -->
    </test> <!-- seleniumjav -->
  </suite> <!-- Default Suite -->
</testng-results>
